2002.09.26 11:12 B E:\public_html\papers\XPUniverse2002_files\filelist.xml <-- addr /usr341/home/o/b/objwind/public_html/papers/XPUniverse2002_files filelist.xml
2002.09.26 11:12 B E:\public_html\papers\XPUniverse2002_files\image001.jpg <-- addr /usr341/home/o/b/objwind/public_html/papers/XPUniverse2002_files image001.jpg
2002.09.26 11:12 B E:\public_html\papers\XPUniverse2002_files\image002.jpg <-- addr /usr341/home/o/b/objwind/public_html/papers/XPUniverse2002_files image002.jpg
2002.09.26 11:12 B E:\public_html\papers\XPUniverse2002_files\image003.jpg <-- addr /usr341/home/o/b/objwind/public_html/papers/XPUniverse2002_files image003.jpg
2002.09.26 11:12 B E:\public_html\papers\XPUniverse2002_files\image004.gif <-- addr /usr341/home/o/b/objwind/public_html/papers/XPUniverse2002_files image004.gif
2002.09.28 11:16 B E:\public_html\papers\XPUniverse2002_files\filelist.xml --> ftp.addr.com /usr341/home/o/b/objwind/public_html/papers/XPUniverse2002_files filelist.xml
2002.09.28 11:16 B E:\public_html\papers\XPUniverse2002_files\image001.jpg --> ftp.addr.com /usr341/home/o/b/objwind/public_html/papers/XPUniverse2002_files image001.jpg
2002.09.28 11:16 B E:\public_html\papers\XPUniverse2002_files\image002.jpg --> ftp.addr.com /usr341/home/o/b/objwind/public_html/papers/XPUniverse2002_files image002.jpg
2002.09.28 11:16 B E:\public_html\papers\XPUniverse2002_files\image003.jpg --> ftp.addr.com /usr341/home/o/b/objwind/public_html/papers/XPUniverse2002_files image003.jpg
2002.09.28 11:16 B E:\public_html\papers\XPUniverse2002_files\image004.jpg --> ftp.addr.com /usr341/home/o/b/objwind/public_html/papers/XPUniverse2002_files image004.jpg
2002.09.28 11:16 B E:\public_html\papers\XPUniverse2002_files\image005.gif --> ftp.addr.com /usr341/home/o/b/objwind/public_html/papers/XPUniverse2002_files image005.gif
2002.09.28 11:16 B E:\public_html\papers\XPUniverse2002_files\WS_FTP.LOG --> ftp.addr.com /usr341/home/o/b/objwind/public_html/papers/XPUniverse2002_files WS_FTP.LOG
2002.09.28 11:18 B E:\public_html\papers\XPUniverse2002_files\filelist.xml --> ftp.addr.com /usr341/home/o/b/objwind/public_html/papers/XPUniverse2002_files filelist.xml
2002.09.28 11:18 B E:\public_html\papers\XPUniverse2002_files\image001.jpg --> ftp.addr.com /usr341/home/o/b/objwind/public_html/papers/XPUniverse2002_files image001.jpg
2002.09.28 11:18 B E:\public_html\papers\XPUniverse2002_files\image002.jpg --> ftp.addr.com /usr341/home/o/b/objwind/public_html/papers/XPUniverse2002_files image002.jpg
2002.09.28 11:18 B E:\public_html\papers\XPUniverse2002_files\image003.jpg --> ftp.addr.com /usr341/home/o/b/objwind/public_html/papers/XPUniverse2002_files image003.jpg
2002.09.28 11:18 B E:\public_html\papers\XPUniverse2002_files\image004.jpg --> ftp.addr.com /usr341/home/o/b/objwind/public_html/papers/XPUniverse2002_files image004.jpg
2002.09.28 11:18 B E:\public_html\papers\XPUniverse2002_files\image005.gif --> ftp.addr.com /usr341/home/o/b/objwind/public_html/papers/XPUniverse2002_files image005.gif
2002.09.28 11:18 B E:\public_html\papers\XPUniverse2002_files\WS_FTP.LOG --> ftp.addr.com /usr341/home/o/b/objwind/public_html/papers/XPUniverse2002_files WS_FTP.LOG
2002.09.28 11:48 B E:\public_html\papers\XPUniverse2002_files\filelist.xml --> ftp.addr.com /usr341/home/o/b/objwind/public_html/papers/XPUniverse2002_files filelist.xml
2002.09.28 11:48 B E:\public_html\papers\XPUniverse2002_files\image001.jpg --> ftp.addr.com /usr341/home/o/b/objwind/public_html/papers/XPUniverse2002_files image001.jpg
2002.09.28 11:48 B E:\public_html\papers\XPUniverse2002_files\image002.jpg --> ftp.addr.com /usr341/home/o/b/objwind/public_html/papers/XPUniverse2002_files image002.jpg
2002.09.28 11:48 B E:\public_html\papers\XPUniverse2002_files\image003.jpg --> ftp.addr.com /usr341/home/o/b/objwind/public_html/papers/XPUniverse2002_files image003.jpg
2002.09.28 11:48 B E:\public_html\papers\XPUniverse2002_files\image004.jpg --> ftp.addr.com /usr341/home/o/b/objwind/public_html/papers/XPUniverse2002_files image004.jpg
2002.09.28 11:48 B E:\public_html\papers\XPUniverse2002_files\image005.gif --> ftp.addr.com /usr341/home/o/b/objwind/public_html/papers/XPUniverse2002_files image005.gif
2002.09.28 11:48 B E:\public_html\papers\XPUniverse2002_files\WS_FTP.LOG --> ftp.addr.com /usr341/home/o/b/objwind/public_html/papers/XPUniverse2002_files WS_FTP.LOG
2002.09.28 11:56 B E:\public_html\papers\XPUniverse2002_files\filelist.xml --> ftp.addr.com /usr341/home/o/b/objwind/public_html/papers/XPUniverse2002_files filelist.xml
2002.09.28 11:56 B E:\public_html\papers\XPUniverse2002_files\image001.jpg --> ftp.addr.com /usr341/home/o/b/objwind/public_html/papers/XPUniverse2002_files image001.jpg
2002.09.28 11:56 B E:\public_html\papers\XPUniverse2002_files\image002.jpg --> ftp.addr.com /usr341/home/o/b/objwind/public_html/papers/XPUniverse2002_files image002.jpg
2002.09.28 11:56 B E:\public_html\papers\XPUniverse2002_files\image003.jpg --> ftp.addr.com /usr341/home/o/b/objwind/public_html/papers/XPUniverse2002_files image003.jpg
2002.09.28 11:57 B E:\public_html\papers\XPUniverse2002_files\image004.jpg --> ftp.addr.com /usr341/home/o/b/objwind/public_html/papers/XPUniverse2002_files image004.jpg
2002.09.28 11:57 B E:\public_html\papers\XPUniverse2002_files\image005.gif --> ftp.addr.com /usr341/home/o/b/objwind/public_html/papers/XPUniverse2002_files image005.gif
2002.09.28 11:57 B E:\public_html\papers\XPUniverse2002_files\WS_FTP.LOG --> ftp.addr.com /usr341/home/o/b/objwind/public_html/papers/XPUniverse2002_files WS_FTP.LOG
2002.09.28 17:13 B E:\public_html\papers\XPUniverse2002_files\filelist.xml --> ftp.addr.com /usr341/home/o/b/objwind/public_html/papers/XPUniverse2002_files filelist.xml
2002.09.28 17:13 B E:\public_html\papers\XPUniverse2002_files\image001.jpg --> ftp.addr.com /usr341/home/o/b/objwind/public_html/papers/XPUniverse2002_files image001.jpg
2002.09.28 17:13 B E:\public_html\papers\XPUniverse2002_files\image002.jpg --> ftp.addr.com /usr341/home/o/b/objwind/public_html/papers/XPUniverse2002_files image002.jpg
2002.09.28 17:13 B E:\public_html\papers\XPUniverse2002_files\image003.jpg --> ftp.addr.com /usr341/home/o/b/objwind/public_html/papers/XPUniverse2002_files image003.jpg
2002.09.28 17:13 B E:\public_html\papers\XPUniverse2002_files\image004.jpg --> ftp.addr.com /usr341/home/o/b/objwind/public_html/papers/XPUniverse2002_files image004.jpg
2002.09.28 17:13 B E:\public_html\papers\XPUniverse2002_files\image005.gif --> ftp.addr.com /usr341/home/o/b/objwind/public_html/papers/XPUniverse2002_files image005.gif
2002.09.28 17:13 B E:\public_html\papers\XPUniverse2002_files\WS_FTP.LOG --> ftp.addr.com /usr341/home/o/b/objwind/public_html/papers/XPUniverse2002_files WS_FTP.LOG
2002.09.29 10:15 B E:\public_html\papers\XPUniverse2002_files\filelist.xml --> ftp.addr.com /usr341/home/o/b/objwind/public_html/papers/XPUniverse2002_files filelist.xml
2002.09.29 10:15 B E:\public_html\papers\XPUniverse2002_files\image001.jpg --> ftp.addr.com /usr341/home/o/b/objwind/public_html/papers/XPUniverse2002_files image001.jpg
2002.09.29 10:15 B E:\public_html\papers\XPUniverse2002_files\image002.jpg --> ftp.addr.com /usr341/home/o/b/objwind/public_html/papers/XPUniverse2002_files image002.jpg
2002.09.29 10:15 B E:\public_html\papers\XPUniverse2002_files\image003.jpg --> ftp.addr.com /usr341/home/o/b/objwind/public_html/papers/XPUniverse2002_files image003.jpg
2002.09.29 10:15 B E:\public_html\papers\XPUniverse2002_files\image004.jpg --> ftp.addr.com /usr341/home/o/b/objwind/public_html/papers/XPUniverse2002_files image004.jpg
2002.09.29 10:15 B E:\public_html\papers\XPUniverse2002_files\image005.gif --> ftp.addr.com /usr341/home/o/b/objwind/public_html/papers/XPUniverse2002_files image005.gif
2003.02.12 16:07 B g:\NewSite\public_html\papers\XPUniverse2002_files\WS_FTP.LOG <-- ftp.addr.com /usr341/home/o/b/objwind/public_html/papers/XPUniverse2002_files WS_FTP.LOG
2003.02.12 16:34 B G:\NewSite\public_html\papers\XPUniverse2002_files\filelist.xml --> 65.109.11.155 /objectwind-www/papers/XPUniverse2002_files filelist.xml
2003.02.12 16:34 B G:\NewSite\public_html\papers\XPUniverse2002_files\image001.jpg --> 65.109.11.155 /objectwind-www/papers/XPUniverse2002_files image001.jpg
2003.02.12 16:34 B G:\NewSite\public_html\papers\XPUniverse2002_files\image002.jpg --> 65.109.11.155 /objectwind-www/papers/XPUniverse2002_files image002.jpg
2003.02.12 16:34 B G:\NewSite\public_html\papers\XPUniverse2002_files\image003.jpg --> 65.109.11.155 /objectwind-www/papers/XPUniverse2002_files image003.jpg
2003.02.12 16:34 B G:\NewSite\public_html\papers\XPUniverse2002_files\image004.jpg --> 65.109.11.155 /objectwind-www/papers/XPUniverse2002_files image004.jpg
2003.02.12 16:34 B G:\NewSite\public_html\papers\XPUniverse2002_files\image005.gif --> 65.109.11.155 /objectwind-www/papers/XPUniverse2002_files image005.gif
