2001.12.13 16:54 B G:\Documents and Settings\mark\My Documents\public_html\articles\ChangeAndPM_files\filelist.xml <-- ftp.addr.com /usr24/home/objwind/public_html/articles/ChangeAndPM_files filelist.xml
2001.12.13 16:54 B G:\Documents and Settings\mark\My Documents\public_html\articles\ChangeAndPM_files\image001.jpg <-- ftp.addr.com /usr24/home/objwind/public_html/articles/ChangeAndPM_files image001.jpg
2001.12.13 16:55 B G:\Documents and Settings\mark\My Documents\public_html\articles\ChangeAndPM_files\image002.png <-- ftp.addr.com /usr24/home/objwind/public_html/articles/ChangeAndPM_files image002.png
2001.12.13 16:55 B G:\Documents and Settings\mark\My Documents\public_html\articles\ChangeAndPM_files\image003.gif <-- ftp.addr.com /usr24/home/objwind/public_html/articles/ChangeAndPM_files image003.gif
2001.12.13 16:55 B G:\Documents and Settings\mark\My Documents\public_html\articles\ChangeAndPM_files\image004.gif <-- ftp.addr.com /usr24/home/objwind/public_html/articles/ChangeAndPM_files image004.gif
2001.12.13 16:55 B G:\Documents and Settings\mark\My Documents\public_html\articles\ChangeAndPM_files\image005.jpg <-- ftp.addr.com /usr24/home/objwind/public_html/articles/ChangeAndPM_files image005.jpg
2001.12.13 16:55 B G:\Documents and Settings\mark\My Documents\public_html\articles\ChangeAndPM_files\image006.jpg <-- ftp.addr.com /usr24/home/objwind/public_html/articles/ChangeAndPM_files image006.jpg
2002.01.05 13:35 B G:\Documents and Settings\mark\My Documents\public_html\articles\ChangeAndPM_files\filelist.xml <-- ftp.addr.com /usr24/home/objwind/public_html/articles/ChangeAndPM_files filelist.xml
2002.01.05 13:35 B G:\Documents and Settings\mark\My Documents\public_html\articles\ChangeAndPM_files\image001.jpg <-- ftp.addr.com /usr24/home/objwind/public_html/articles/ChangeAndPM_files image001.jpg
2002.01.05 13:35 B G:\Documents and Settings\mark\My Documents\public_html\articles\ChangeAndPM_files\image002.png <-- ftp.addr.com /usr24/home/objwind/public_html/articles/ChangeAndPM_files image002.png
2002.01.05 13:35 B G:\Documents and Settings\mark\My Documents\public_html\articles\ChangeAndPM_files\image003.gif <-- ftp.addr.com /usr24/home/objwind/public_html/articles/ChangeAndPM_files image003.gif
2002.01.05 13:35 B G:\Documents and Settings\mark\My Documents\public_html\articles\ChangeAndPM_files\image004.gif <-- ftp.addr.com /usr24/home/objwind/public_html/articles/ChangeAndPM_files image004.gif
2002.01.05 13:35 B G:\Documents and Settings\mark\My Documents\public_html\articles\ChangeAndPM_files\image005.jpg <-- ftp.addr.com /usr24/home/objwind/public_html/articles/ChangeAndPM_files image005.jpg
2002.01.05 13:35 B G:\Documents and Settings\mark\My Documents\public_html\articles\ChangeAndPM_files\image006.jpg <-- ftp.addr.com /usr24/home/objwind/public_html/articles/ChangeAndPM_files image006.jpg
2002.01.05 13:53 B G:\Documents and Settings\mark\My Documents\public_html\articles\ChangeAndPM_files\filelist.xml --> ftp.addr.com /usr24/home/objwind/public_html/articles/ChangeAndPM_files filelist.xml
2002.01.05 13:53 B G:\Documents and Settings\mark\My Documents\public_html\articles\ChangeAndPM_files\image001.jpg --> ftp.addr.com /usr24/home/objwind/public_html/articles/ChangeAndPM_files image001.jpg
2002.01.05 13:53 B G:\Documents and Settings\mark\My Documents\public_html\articles\ChangeAndPM_files\image002.png --> ftp.addr.com /usr24/home/objwind/public_html/articles/ChangeAndPM_files image002.png
2002.01.05 13:53 B G:\Documents and Settings\mark\My Documents\public_html\articles\ChangeAndPM_files\image003.gif --> ftp.addr.com /usr24/home/objwind/public_html/articles/ChangeAndPM_files image003.gif
2002.01.05 13:53 B G:\Documents and Settings\mark\My Documents\public_html\articles\ChangeAndPM_files\image004.gif --> ftp.addr.com /usr24/home/objwind/public_html/articles/ChangeAndPM_files image004.gif
2002.01.05 13:53 B G:\Documents and Settings\mark\My Documents\public_html\articles\ChangeAndPM_files\image005.jpg --> ftp.addr.com /usr24/home/objwind/public_html/articles/ChangeAndPM_files image005.jpg
2002.01.05 13:53 B G:\Documents and Settings\mark\My Documents\public_html\articles\ChangeAndPM_files\image006.jpg --> ftp.addr.com /usr24/home/objwind/public_html/articles/ChangeAndPM_files image006.jpg
2002.01.05 13:53 B G:\Documents and Settings\mark\My Documents\public_html\articles\ChangeAndPM_files\WS_FTP.LOG --> ftp.addr.com /usr24/home/objwind/public_html/articles/ChangeAndPM_files WS_FTP.LOG
2002.01.13 10:35 B G:\Documents and Settings\mark\My Documents\public_html\articles\ChangeAndPM_files\filelist.xml --> ftp.addr.com /usr24/home/objwind/public_html/articles/ChangeAndPM_files filelist.xml
2002.01.13 10:35 B G:\Documents and Settings\mark\My Documents\public_html\articles\ChangeAndPM_files\image001.jpg --> ftp.addr.com /usr24/home/objwind/public_html/articles/ChangeAndPM_files image001.jpg
2002.01.13 10:35 B G:\Documents and Settings\mark\My Documents\public_html\articles\ChangeAndPM_files\image002.png --> ftp.addr.com /usr24/home/objwind/public_html/articles/ChangeAndPM_files image002.png
2002.01.13 10:35 B G:\Documents and Settings\mark\My Documents\public_html\articles\ChangeAndPM_files\image003.gif --> ftp.addr.com /usr24/home/objwind/public_html/articles/ChangeAndPM_files image003.gif
2002.01.13 10:35 B G:\Documents and Settings\mark\My Documents\public_html\articles\ChangeAndPM_files\image004.gif --> ftp.addr.com /usr24/home/objwind/public_html/articles/ChangeAndPM_files image004.gif
2002.01.13 10:35 B G:\Documents and Settings\mark\My Documents\public_html\articles\ChangeAndPM_files\image005.jpg --> ftp.addr.com /usr24/home/objwind/public_html/articles/ChangeAndPM_files image005.jpg
2002.01.13 10:35 B G:\Documents and Settings\mark\My Documents\public_html\articles\ChangeAndPM_files\image006.jpg --> ftp.addr.com /usr24/home/objwind/public_html/articles/ChangeAndPM_files image006.jpg
2002.01.13 10:35 B G:\Documents and Settings\mark\My Documents\public_html\articles\ChangeAndPM_files\WS_FTP.LOG --> ftp.addr.com /usr24/home/objwind/public_html/articles/ChangeAndPM_files WS_FTP.LOG
2002.01.19 16:21 B G:\Documents and Settings\mark\My Documents\public_html\articles\ChangeAndPM_files\filelist.xml --> ftp.addr.com directory identifier unavailable filelist.xml
2002.01.19 16:21 B G:\Documents and Settings\mark\My Documents\public_html\articles\ChangeAndPM_files\image001.jpg --> ftp.addr.com directory identifier unavailable image001.jpg
2002.01.19 16:21 B G:\Documents and Settings\mark\My Documents\public_html\articles\ChangeAndPM_files\image002.jpg --> ftp.addr.com directory identifier unavailable image002.jpg
2002.01.19 16:21 B G:\Documents and Settings\mark\My Documents\public_html\articles\ChangeAndPM_files\image003.png --> ftp.addr.com directory identifier unavailable image003.png
2002.01.19 16:21 B G:\Documents and Settings\mark\My Documents\public_html\articles\ChangeAndPM_files\image004.gif --> ftp.addr.com directory identifier unavailable image004.gif
2002.01.19 16:21 B G:\Documents and Settings\mark\My Documents\public_html\articles\ChangeAndPM_files\image005.gif --> ftp.addr.com directory identifier unavailable image005.gif
2002.01.19 16:21 B G:\Documents and Settings\mark\My Documents\public_html\articles\ChangeAndPM_files\image006.jpg --> ftp.addr.com directory identifier unavailable image006.jpg
2002.01.19 16:21 B G:\Documents and Settings\mark\My Documents\public_html\articles\ChangeAndPM_files\image007.jpg --> ftp.addr.com directory identifier unavailable image007.jpg
2002.01.19 16:21 B G:\Documents and Settings\mark\My Documents\public_html\articles\ChangeAndPM_files\WS_FTP.LOG --> ftp.addr.com directory identifier unavailable WS_FTP.LOG
2002.01.19 16:25 B G:\Documents and Settings\mark\My Documents\public_html\articles\ChangeAndPM_files\WS_FTP.LOG --> ftp.addr.com /usr24/home/objwind/public_html/papers/ChangeAndPM_files WS_FTP.LOG
2003.02.12 16:05 B g:\NewSite\public_html\papers\ChangeAndPM_files\WS_FTP.LOG <-- ftp.addr.com /usr341/home/o/b/objwind/public_html/papers/ChangeAndPM_files WS_FTP.LOG
2003.02.12 16:32 B G:\NewSite\public_html\papers\ChangeAndPM_files\filelist.xml --> 65.109.11.155 /objectwind-www/papers/ChangeAndPM_files filelist.xml
2003.02.12 16:32 B G:\NewSite\public_html\papers\ChangeAndPM_files\image001.jpg --> 65.109.11.155 /objectwind-www/papers/ChangeAndPM_files image001.jpg
2003.02.12 16:32 B G:\NewSite\public_html\papers\ChangeAndPM_files\image002.jpg --> 65.109.11.155 /objectwind-www/papers/ChangeAndPM_files image002.jpg
2003.02.12 16:32 B G:\NewSite\public_html\papers\ChangeAndPM_files\image003.png --> 65.109.11.155 /objectwind-www/papers/ChangeAndPM_files image003.png
2003.02.12 16:32 B G:\NewSite\public_html\papers\ChangeAndPM_files\image004.gif --> 65.109.11.155 /objectwind-www/papers/ChangeAndPM_files image004.gif
2003.02.12 16:32 B G:\NewSite\public_html\papers\ChangeAndPM_files\image005.gif --> 65.109.11.155 /objectwind-www/papers/ChangeAndPM_files image005.gif
2003.02.12 16:32 B G:\NewSite\public_html\papers\ChangeAndPM_files\image006.jpg --> 65.109.11.155 /objectwind-www/papers/ChangeAndPM_files image006.jpg
2003.02.12 16:32 B G:\NewSite\public_html\papers\ChangeAndPM_files\image007.jpg --> 65.109.11.155 /objectwind-www/papers/ChangeAndPM_files image007.jpg
